<?xml version="1.0" encoding="UTF-8"?>
<!-- Generated by org.testng.reporters.JUnitReportReporter -->
<testsuite skipped="0" hostname="PC-35" name="com.thinkexam.util.ValidateData" tests="1" failures="0" timestamp="27 Oct 2018 11:28:51 GMT" time="0.242" errors="0">
  <testcase name="testData" time="0.242" classname="com.thinkexam.util.ValidateData"/>
</testsuite> <!-- com.thinkexam.util.ValidateData -->
