<?xml version="1.0" encoding="UTF-8"?>
<!-- Generated by org.testng.reporters.JUnitReportReporter -->
<testsuite skipped="0" hostname="PC-35" name="com.thinkexam.qa.testcases.MyTestPageTest" tests="2" failures="0" timestamp="07 Dec 2018 07:16:33 GMT" time="19.446" errors="0">
  <testcase name="positiveTestAttemptValidationTest" time="11.473" classname="com.thinkexam.qa.testcases.MyTestPageTest"/>
  <testcase name="negativeTestAttemptValidationTest" time="7.973" classname="com.thinkexam.qa.testcases.MyTestPageTest"/>
</testsuite> <!-- com.thinkexam.qa.testcases.MyTestPageTest -->
