<?xml version="1.0" encoding="UTF-8"?>
<!-- Generated by org.testng.reporters.JUnitReportReporter -->
<testsuite skipped="0" hostname="PC-35" name="com.thinkexam.qa.testcases.ProfilePageTest" tests="5" failures="0" timestamp="19 Nov 2018 11:15:44 GMT" time="0.733" errors="0">
  <testcase name="validatePersonalInformationLebelTest" time="0.041" classname="com.thinkexam.qa.testcases.ProfilePageTest"/>
  <testcase name="validateSecurityLebelTest" time="0.034" classname="com.thinkexam.qa.testcases.ProfilePageTest"/>
  <testcase name="validateEnrollmentInformationLebelTest" time="0.031" classname="com.thinkexam.qa.testcases.ProfilePageTest"/>
  <testcase name="clickOnBuyPackageTest" time="0.425" classname="com.thinkexam.qa.testcases.ProfilePageTest"/>
  <testcase name="clickOnReportLinkTest" time="0.202" classname="com.thinkexam.qa.testcases.ProfilePageTest"/>
</testsuite> <!-- com.thinkexam.qa.testcases.ProfilePageTest -->
