<?xml version="1.0" encoding="UTF-8"?>
<!-- Generated by org.testng.reporters.JUnitReportReporter -->
<testsuite skipped="0" hostname="PC-35" name="com.thinkexam.qa.testcases.LoginPageTest" tests="4" failures="0" timestamp="19 Nov 2018 11:15:44 GMT" time="23.379" errors="0">
  <testcase name="loginPageTitleTest" time="5.018" classname="com.thinkexam.qa.testcases.LoginPageTest"/>
  <testcase name="validateLoginPageLogoTest" time="4.807" classname="com.thinkexam.qa.testcases.LoginPageTest"/>
  <testcase name="loginTest" time="5.888" classname="com.thinkexam.qa.testcases.LoginPageTest"/>
  <testcase name="validatPasswordRecovery" time="7.666" classname="com.thinkexam.qa.testcases.LoginPageTest"/>
</testsuite> <!-- com.thinkexam.qa.testcases.LoginPageTest -->
