<?xml version="1.0" encoding="UTF-8"?>
<!-- Generated by org.testng.reporters.JUnitReportReporter -->
<testsuite skipped="1" hostname="PC-35" name="com.thinkexam.qa.testcases.RegPageTest" tests="1" failures="0" timestamp="28 Nov 2018 13:02:37 GMT" time="0.000" errors="0">
  <testcase name="regMethodTest" time="0.000" classname="com.thinkexam.qa.testcases.RegPageTest">
    <skipped/>
  </testcase> <!-- regMethodTest -->
</testsuite> <!-- com.thinkexam.qa.testcases.RegPageTest -->
